13:32:59 **** Clean-only build of configuration Debug for project Lab_1 ****
rm -rf matrix_Multi.o matrix_Multi.d Lab_1.exe 
13:33:20 **** Rebuild of configuration Debug for project Lab_1 ****
Info: Internal Builder is used for build
g++ -O0 -g3 -Wall -pthread -fopenmp -c -fmessage-length=0 -o matrix_Multi.o "..\\matrix_Multi.cpp" 
g++ -o Lab_1.exe matrix_Multi.o -lgomp 
13:34:16 **** Incremental Build of configuration Debug for project Lab_1 ****
Info: Internal Builder is used for build
g++ -O0 -g3 -Wall -pthread -fopenmp -c -fmessage-length=0 -o matrix_Multi.o "..\\matrix_Multi.cpp" 
g++ -o Lab_1.exe matrix_Multi.o -lgomp 
13:37:33 **** Incremental Build of configuration Debug for project Lab_1 ****
Info: Internal Builder is used for build
g++ -O0 -g3 -Wall -pthread -fopenmp -c -fmessage-length=0 -o matrix_Multi.o "..\\matrix_Multi.cpp" 
g++ -o Lab_1.exe matrix_Multi.o -lgomp 
13:38:09 **** Incremental Build of configuration Debug for project Lab_1 ****
Info: Internal Builder is used for build
g++ -O0 -g3 -Wall -pthread -fopenmp -c -fmessage-length=0 -o matrix_Multi.o "..\\matrix_Multi.cpp" 
g++ -o Lab_1.exe matrix_Multi.o -lgomp 
13:39:45 **** Incremental Build of configuration Debug for project Lab_1 ****
Info: Internal Builder is used for build
g++ -O0 -g3 -Wall -pthread -fopenmp -c -fmessage-length=0 -o matrix_Multi.o "..\\matrix_Multi.cpp" 
g++ -o Lab_1.exe matrix_Multi.o -lgomp 
13:42:51 **** Incremental Build of configuration Debug for project Lab_1 ****
Info: Internal Builder is used for build
g++ -O0 -g3 -Wall -pthread -fopenmp -c -fmessage-length=0 -o matrix_Multi.o "..\\matrix_Multi.cpp" 
g++ -o Lab_1.exe matrix_Multi.o -lgomp 
13:47:58 **** Incremental Build of configuration Debug for project Lab_1 ****
Info: Internal Builder is used for build
g++ -O0 -g3 -Wall -pthread -fopenmp -c -fmessage-length=0 -o matrix_Multi.o "..\\matrix_Multi.cpp" 
g++ -o Lab_1.exe matrix_Multi.o -lgomp 
13:48:42 **** Incremental Build of configuration Debug for project Lab_1 ****
Info: Internal Builder is used for build
g++ -O0 -g3 -Wall -pthread -fopenmp -c -fmessage-length=0 -o matrix_Multi.o "..\\matrix_Multi.cpp" 
g++ -o Lab_1.exe matrix_Multi.o -lgomp 
13:50:10 **** Incremental Build of configuration Debug for project Lab_1 ****
Info: Internal Builder is used for build
g++ -O0 -g3 -Wall -pthread -fopenmp -c -fmessage-length=0 -o matrix_Multi.o "..\\matrix_Multi.cpp" 
g++ -o Lab_1.exe matrix_Multi.o -lgomp 
13:51:15 **** Incremental Build of configuration Debug for project Lab_1 ****
Info: Internal Builder is used for build
g++ -O0 -g3 -Wall -pthread -fopenmp -c -fmessage-length=0 -o matrix_Multi.o "..\\matrix_Multi.cpp" 
g++ -o Lab_1.exe matrix_Multi.o -lgomp 
13:58:50 **** Incremental Build of configuration Debug for project Lab_1 ****
Info: Internal Builder is used for build
g++ -O0 -g3 -Wall -pthread -fopenmp -c -fmessage-length=0 -o matrix_Multi.o "..\\matrix_Multi.cpp" 
g++ -o Lab_1.exe matrix_Multi.o -lgomp 
13:59:18 **** Incremental Build of configuration Debug for project Lab_1 ****
Info: Internal Builder is used for build
g++ -O0 -g3 -Wall -pthread -fopenmp -c -fmessage-length=0 -o matrix_Multi.o "..\\matrix_Multi.cpp" 
g++ -o Lab_1.exe matrix_Multi.o -lgomp 
13:59:47 **** Incremental Build of configuration Debug for project Lab_1 ****
Info: Internal Builder is used for build
g++ -O0 -g3 -Wall -pthread -fopenmp -c -fmessage-length=0 -o matrix_Multi.o "..\\matrix_Multi.cpp" 
g++ -o Lab_1.exe matrix_Multi.o -lgomp 
14:00:10 **** Incremental Build of configuration Debug for project Lab_1 ****
Info: Internal Builder is used for build
g++ -O0 -g3 -Wall -pthread -fopenmp -c -fmessage-length=0 -o matrix_Multi.o "..\\matrix_Multi.cpp" 
g++ -o Lab_1.exe matrix_Multi.o -lgomp 
14:01:49 **** Incremental Build of configuration Debug for project Lab_1 ****
Info: Internal Builder is used for build
g++ -O0 -g3 -Wall -pthread -fopenmp -c -fmessage-length=0 -o matrix_Multi.o "..\\matrix_Multi.cpp" 
g++ -o Lab_1.exe matrix_Multi.o -lgomp 
14:09:08 **** Incremental Build of configuration Debug for project Lab_1 ****
Info: Internal Builder is used for build
g++ -O0 -g3 -Wall -pthread -fopenmp -c -fmessage-length=0 -o matrix_Multi.o "..\\matrix_Multi.cpp" 
..\matrix_Multi.cpp: In function 'int main(int, _TCHAR**)':
..\matrix_Multi.cpp:123:39: error: assignment of read-only variable 'maxNumThreads'
   maxNumThreads = omp_get_max_threads();
                                       ^
14:10:40 **** Incremental Build of configuration Debug for project Lab_1 ****
Info: Internal Builder is used for build
g++ -O0 -g3 -Wall -pthread -fopenmp -c -fmessage-length=0 -o matrix_Multi.o "..\\matrix_Multi.cpp" 
g++ -o Lab_1.exe matrix_Multi.o -lgomp 
14:12:36 **** Incremental Build of configuration Debug for project Lab_1 ****
Info: Internal Builder is used for build
g++ -O0 -g3 -Wall -pthread -fopenmp -c -fmessage-length=0 -o matrix_Multi.o "..\\matrix_Multi.cpp" 
..\matrix_Multi.cpp: In function 'void multiplyParallel(char)':
..\matrix_Multi.cpp:96:2: error: for statement expected before 'omp_set_num_threads'
  omp_set_num_threads(numberThreads);
  ^~~~~~~~~~~~~~~~~~~
14:13:34 **** Incremental Build of configuration Debug for project Lab_1 ****
Info: Internal Builder is used for build
g++ -O0 -g3 -Wall -pthread -fopenmp -c -fmessage-length=0 -o matrix_Multi.o "..\\matrix_Multi.cpp" 
g++ -o Lab_1.exe matrix_Multi.o -lgomp 
14:16:53 **** Incremental Build of configuration Debug for project Lab_1 ****
Info: Internal Builder is used for build
g++ -O0 -g3 -Wall -pthread -fopenmp -c -fmessage-length=0 -o matrix_Multi.o "..\\matrix_Multi.cpp" 
..\matrix_Multi.cpp: In function 'void multiplyParallel(char)':
..\matrix_Multi.cpp:116:36: error: a function-definition is not allowed here before '{' token
 int main(int argc, _TCHAR* argv[]) {
                                    ^
..\matrix_Multi.cpp:151:1: error: expected '}' at end of input
 }
 ^
14:18:18 **** Incremental Build of configuration Debug for project Lab_1 ****
Info: Internal Builder is used for build
g++ -O0 -g3 -Wall -pthread -fopenmp -c -fmessage-length=0 -o matrix_Multi.o "..\\matrix_Multi.cpp" 
..\matrix_Multi.cpp: In function 'void multiplyParallel(char)':
..\matrix_Multi.cpp:117:1: error: a function-definition is not allowed here before '{' token
 {
 ^
..\matrix_Multi.cpp:152:1: error: expected '}' at end of input
 }
 ^
14:19:09 **** Incremental Build of configuration Debug for project Lab_1 ****
Info: Internal Builder is used for build
g++ -O0 -g3 -Wall -pthread -fopenmp -c -fmessage-length=0 -o matrix_Multi.o "..\\matrix_Multi.cpp" 
g++ -o Lab_1.exe matrix_Multi.o -lgomp 
14:20:05 **** Incremental Build of configuration Debug for project Lab_1 ****
Info: Internal Builder is used for build
g++ -O0 -g3 -Wall -pthread -fopenmp -c -fmessage-length=0 -o matrix_Multi.o "..\\matrix_Multi.cpp" 
g++ -o Lab_1.exe matrix_Multi.o -lgomp 
14:22:21 **** Incremental Build of configuration Debug for project Lab_1 ****
Info: Internal Builder is used for build
g++ -O0 -g3 -Wall -pthread -fopenmp -c -fmessage-length=0 -o matrix_Multi.o "..\\matrix_Multi.cpp" 
g++ -o Lab_1.exe matrix_Multi.o -lgomp 
14:31:48 **** Incremental Build of configuration Debug for project Lab_1 ****
Info: Internal Builder is used for build
g++ -O0 -g3 -Wall -pthread -fopenmp -c -fmessage-length=0 -o matrix_Multi.o "..\\matrix_Multi.cpp" 
g++ -o Lab_1.exe matrix_Multi.o -lgomp 
14:33:04 **** Incremental Build of configuration Debug for project Lab_1 ****
Info: Internal Builder is used for build
g++ -O0 -g3 -Wall -pthread -fopenmp -c -fmessage-length=0 -o matrix_Multi.o "..\\matrix_Multi.cpp" 
g++ -o Lab_1.exe matrix_Multi.o -lgomp 
14:33:54 **** Incremental Build of configuration Debug for project Lab_1 ****
Info: Internal Builder is used for build
g++ -O0 -g3 -Wall -pthread -fopenmp -c -fmessage-length=0 -o matrix_Multi.o "..\\matrix_Multi.cpp" 
g++ -o Lab_1.exe matrix_Multi.o -lgomp 
14:48:34 **** Incremental Build of configuration Debug for project Lab_1 ****
Info: Internal Builder is used for build
g++ -O0 -g3 -Wall -pthread -fopenmp -c -fmessage-length=0 -o matrix_Multi.o "..\\matrix_Multi.cpp" 
g++ -o Lab_1.exe matrix_Multi.o -lgomp 
14:49:31 **** Incremental Build of configuration Debug for project Lab_1 ****
Info: Internal Builder is used for build
g++ -O0 -g3 -Wall -pthread -fopenmp -c -fmessage-length=0 -o matrix_Multi.o "..\\matrix_Multi.cpp" 
..\matrix_Multi.cpp: In function 'void multiplyParallel(char)':
..\matrix_Multi.cpp:80:16: warning: variable 'numThr' set but not used [-Wunused-but-set-variable]
  int threadID, numThr ;
                ^~~~~~
g++ -o Lab_1.exe matrix_Multi.o -lgomp 
14:50:52 **** Incremental Build of configuration Debug for project Lab_1 ****
Info: Internal Builder is used for build
g++ -O0 -g3 -Wall -pthread -fopenmp -c -fmessage-length=0 -o matrix_Multi.o "..\\matrix_Multi.cpp" 
..\matrix_Multi.cpp: In function 'void multiplyParallel(char)':
..\matrix_Multi.cpp:80:16: warning: variable 'numThr' set but not used [-Wunused-but-set-variable]
  int threadID, numThr ;
                ^~~~~~
g++ -o Lab_1.exe matrix_Multi.o -lgomp 
14:51:40 **** Incremental Build of configuration Debug for project Lab_1 ****
Info: Internal Builder is used for build
g++ -O0 -g3 -Wall -pthread -fopenmp -c -fmessage-length=0 -o matrix_Multi.o "..\\matrix_Multi.cpp" 
..\matrix_Multi.cpp: In function 'void multiplyParallel(char)':
..\matrix_Multi.cpp:80:16: warning: variable 'numThr' set but not used [-Wunused-but-set-variable]
  int threadID, numThr ;
                ^~~~~~
g++ -o Lab_1.exe matrix_Multi.o -lgomp 
14:52:38 **** Incremental Build of configuration Debug for project Lab_1 ****
Info: Internal Builder is used for build
g++ -O0 -g3 -Wall -pthread -fopenmp -c -fmessage-length=0 -o matrix_Multi.o "..\\matrix_Multi.cpp" 
..\matrix_Multi.cpp: In function 'void multiplyParallel(char)':
..\matrix_Multi.cpp:80:16: warning: variable 'numThr' set but not used [-Wunused-but-set-variable]
  int threadID, numThr ;
                ^~~~~~
g++ -o Lab_1.exe matrix_Multi.o -lgomp 
14:53:11 **** Incremental Build of configuration Debug for project Lab_1 ****
Info: Internal Builder is used for build
g++ -O0 -g3 -Wall -pthread -fopenmp -c -fmessage-length=0 -o matrix_Multi.o "..\\matrix_Multi.cpp" 
..\matrix_Multi.cpp: In function 'void multiplyParallel(char)':
..\matrix_Multi.cpp:80:16: warning: variable 'numThr' set but not used [-Wunused-but-set-variable]
  int threadID, numThr ;
                ^~~~~~
g++ -o Lab_1.exe matrix_Multi.o -lgomp 
14:53:30 **** Incremental Build of configuration Debug for project Lab_1 ****
Info: Internal Builder is used for build
g++ -O0 -g3 -Wall -pthread -fopenmp -c -fmessage-length=0 -o matrix_Multi.o "..\\matrix_Multi.cpp" 
..\matrix_Multi.cpp: In function 'void multiplyParallel(char)':
..\matrix_Multi.cpp:80:16: warning: variable 'numThr' set but not used [-Wunused-but-set-variable]
  int threadID, numThr ;
                ^~~~~~
g++ -o Lab_1.exe matrix_Multi.o -lgomp 
14:54:43 **** Incremental Build of configuration Debug for project Lab_1 ****
Info: Internal Builder is used for build
g++ -O0 -g3 -Wall -pthread -fopenmp -c -fmessage-length=0 -o matrix_Multi.o "..\\matrix_Multi.cpp" 
g++ -o Lab_1.exe matrix_Multi.o -lgomp 
14:55:37 **** Incremental Build of configuration Debug for project Lab_1 ****
Info: Internal Builder is used for build
g++ -O0 -g3 -Wall -pthread -fopenmp -c -fmessage-length=0 -o matrix_Multi.o "..\\matrix_Multi.cpp" 
..\matrix_Multi.cpp: In function 'void multiplyParallel(char)':
..\matrix_Multi.cpp:81:6: warning: unused variable 'chunk' [-Wunused-variable]
  int chunk = 10;//sizeOfMatrix /numberThreads;
      ^~~~~
g++ -o Lab_1.exe matrix_Multi.o -lgomp 
14:56:08 **** Incremental Build of configuration Debug for project Lab_1 ****
Info: Internal Builder is used for build
g++ -O0 -g3 -Wall -pthread -fopenmp -c -fmessage-length=0 -o matrix_Multi.o "..\\matrix_Multi.cpp" 
..\matrix_Multi.cpp: In function 'void multiplyParallel(char)':
..\matrix_Multi.cpp:80:16: warning: variable 'numThr' set but not used [-Wunused-but-set-variable]
  int threadID, numThr ;
                ^~~~~~
..\matrix_Multi.cpp:81:6: warning: unused variable 'chunk' [-Wunused-variable]
  int chunk = 10;//sizeOfMatrix /numberThreads;
      ^~~~~
g++ -o Lab_1.exe matrix_Multi.o -lgomp 
15:05:03 **** Incremental Build of configuration Debug for project Lab_1 ****
Info: Internal Builder is used for build
g++ -O0 -g3 -Wall -pthread -fopenmp -c -fmessage-length=0 -o matrix_Multi.o "..\\matrix_Multi.cpp" 
..\matrix_Multi.cpp: In function 'void multiplyParallel(char)':
..\matrix_Multi.cpp:80:16: warning: variable 'numThr' set but not used [-Wunused-but-set-variable]
  int threadID, numThr ;
                ^~~~~~
..\matrix_Multi.cpp:81:6: warning: unused variable 'chunk' [-Wunused-variable]
  int chunk = 10;//sizeOfMatrix /numberThreads;
      ^~~~~
g++ -o Lab_1.exe matrix_Multi.o -lgomp 
15:05:28 **** Incremental Build of configuration Debug for project Lab_1 ****
Info: Internal Builder is used for build
g++ -O0 -g3 -Wall -pthread -fopenmp -c -fmessage-length=0 -o matrix_Multi.o "..\\matrix_Multi.cpp" 
g++ -o Lab_1.exe matrix_Multi.o -lgomp 
15:06:28 **** Incremental Build of configuration Debug for project Lab_1 ****
Info: Internal Builder is used for build
g++ -O0 -g3 -Wall -pthread -fopenmp -c -fmessage-length=0 -o matrix_Multi.o "..\\matrix_Multi.cpp" 
..\matrix_Multi.cpp: In function 'void multiplyParallel(char)':
..\matrix_Multi.cpp:80:16: warning: variable 'numThr' set but not used [-Wunused-but-set-variable]
  int threadID, numThr ;
                ^~~~~~
g++ -o Lab_1.exe matrix_Multi.o -lgomp 
15:07:24 **** Incremental Build of configuration Debug for project Lab_1 ****
Info: Internal Builder is used for build
g++ -O0 -g3 -Wall -pthread -fopenmp -c -fmessage-length=0 -o matrix_Multi.o "..\\matrix_Multi.cpp" 
g++ -o Lab_1.exe matrix_Multi.o -lgomp 
15:07:58 **** Incremental Build of configuration Debug for project Lab_1 ****
Info: Internal Builder is used for build
g++ -O0 -g3 -Wall -pthread -fopenmp -c -fmessage-length=0 -o matrix_Multi.o "..\\matrix_Multi.cpp" 
g++ -o Lab_1.exe matrix_Multi.o -lgomp 
15:08:35 **** Incremental Build of configuration Debug for project Lab_1 ****
Info: Internal Builder is used for build
g++ -O0 -g3 -Wall -pthread -fopenmp -c -fmessage-length=0 -o matrix_Multi.o "..\\matrix_Multi.cpp" 
g++ -o Lab_1.exe matrix_Multi.o -lgomp 
15:23:19 **** Incremental Build of configuration Debug for project Lab_1 ****
Info: Internal Builder is used for build
g++ -O0 -g3 -Wall -pthread -fopenmp -c -fmessage-length=0 -o matrix_Multi.o "..\\matrix_Multi.cpp" 
g++ -o Lab_1.exe matrix_Multi.o -lgomp 
15:26:04 **** Incremental Build of configuration Debug for project Lab_1 ****
Info: Internal Builder is used for build
g++ -O0 -g3 -Wall -pthread -fopenmp -c -fmessage-length=0 -o matrix_Multi.o "..\\matrix_Multi.cpp" 
g++ -o Lab_1.exe matrix_Multi.o -lgomp 
15:28:45 **** Incremental Build of configuration Debug for project Lab_1 ****
Info: Internal Builder is used for build
g++ -O0 -g3 -Wall -pthread -fopenmp -c -fmessage-length=0 -o matrix_Multi.o "..\\matrix_Multi.cpp" 
g++ -o Lab_1.exe matrix_Multi.o -lgomp 
15:30:16 **** Incremental Build of configuration Debug for project Lab_1 ****
Info: Internal Builder is used for build
g++ -O0 -g3 -Wall -pthread -fopenmp -c -fmessage-length=0 -o matrix_Multi.o "..\\matrix_Multi.cpp" 
g++ -o Lab_1.exe matrix_Multi.o -lgomp 
17:00:15 **** Incremental Build of configuration Debug for project Lab_1 ****
Info: Internal Builder is used for build
g++ -O0 -g3 -Wall -pthread -fopenmp -c -fmessage-length=0 -o matrix_Multi.o "..\\matrix_Multi.cpp" 
..\matrix_Multi.cpp: In function 'void multiplyParallel(char)':
..\matrix_Multi.cpp:91:43: warning: format '%i' expects a matching 'int' argument [-Wformat=]
       printf("number of active threads %i");
                                           ^
g++ -o Lab_1.exe matrix_Multi.o -lgomp 
17:00:47 **** Incremental Build of configuration Debug for project Lab_1 ****
Info: Internal Builder is used for build
g++ -O0 -g3 -Wall -pthread -fopenmp -c -fmessage-length=0 -o matrix_Multi.o "..\\matrix_Multi.cpp" 
g++ -o Lab_1.exe matrix_Multi.o -lgomp 
17:03:46 **** Incremental Build of configuration Debug for project Lab_1 ****
Info: Internal Builder is used for build
g++ -O0 -g3 -Wall -pthread -fopenmp -c -fmessage-length=0 -o matrix_Multi.o "..\\matrix_Multi.cpp" 
g++ -o Lab_1.exe matrix_Multi.o -lgomp 
17:06:18 **** Incremental Build of configuration Debug for project Lab_1 ****
Info: Internal Builder is used for build
g++ -O0 -g3 -Wall -pthread -fopenmp -c -fmessage-length=0 -o matrix_Multi.o "..\\matrix_Multi.cpp" 
g++ -o Lab_1.exe matrix_Multi.o -lgomp 
17:09:24 **** Incremental Build of configuration Debug for project Lab_1 ****
Info: Internal Builder is used for build
g++ -O0 -g3 -Wall -pthread -fopenmp -c -fmessage-length=0 -o matrix_Multi.o "..\\matrix_Multi.cpp" 
g++ -o Lab_1.exe matrix_Multi.o -lgomp 
17:10:48 **** Incremental Build of configuration Debug for project Lab_1 ****
Info: Internal Builder is used for build
g++ -O0 -g3 -Wall -pthread -fopenmp -c -fmessage-length=0 -o matrix_Multi.o "..\\matrix_Multi.cpp" 
g++ -o Lab_1.exe matrix_Multi.o -lgomp 
17:13:16 **** Incremental Build of configuration Debug for project Lab_1 ****
Info: Internal Builder is used for build
g++ -O0 -g3 -Wall -pthread -fopenmp -c -fmessage-length=0 -o matrix_Multi.o "..\\matrix_Multi.cpp" 
g++ -o Lab_1.exe matrix_Multi.o -lgomp 
17:20:50 **** Incremental Build of configuration Debug for project Lab_1 ****
Info: Internal Builder is used for build
g++ -O0 -g3 -Wall -pthread -fopenmp -c -fmessage-length=0 -o matrix_Multi.o "..\\matrix_Multi.cpp" 
g++ -o Lab_1.exe matrix_Multi.o -lgomp 
17:22:37 **** Incremental Build of configuration Debug for project Lab_1 ****
Info: Internal Builder is used for build
g++ -O0 -g3 -Wall -pthread -fopenmp -c -fmessage-length=0 -o matrix_Multi.o "..\\matrix_Multi.cpp" 
g++ -o Lab_1.exe matrix_Multi.o -lgomp 
17:22:46 **** Incremental Build of configuration Debug for project Lab_1 ****
Info: Internal Builder is used for build
g++ -O0 -g3 -Wall -pthread -fopenmp -c -fmessage-length=0 -o matrix_Multi.o "..\\matrix_Multi.cpp" 
g++ -o Lab_1.exe matrix_Multi.o -lgomp 
17:23:25 **** Incremental Build of configuration Debug for project Lab_1 ****
Info: Internal Builder is used for build
g++ -O0 -g3 -Wall -pthread -fopenmp -c -fmessage-length=0 -o matrix_Multi.o "..\\matrix_Multi.cpp" 
g++ -o Lab_1.exe matrix_Multi.o -lgomp 
17:43:25 **** Incremental Build of configuration Debug for project Lab_1 ****
Info: Internal Builder is used for build
g++ -O0 -g3 -Wall -pthread -fopenmp -c -fmessage-length=0 -o matrix_Multi.o "..\\matrix_Multi.cpp" 
..\matrix_Multi.cpp:25:25: error: array bound is not an integer constant before ']' token
 int matrix1[sizeOfMatrix][sizeOfMatrix];
                         ^
..\matrix_Multi.cpp:25:39: error: array bound is not an integer constant before ']' token
 int matrix1[sizeOfMatrix][sizeOfMatrix];
                                       ^
..\matrix_Multi.cpp:26:25: error: array bound is not an integer constant before ']' token
 int matrix2[sizeOfMatrix][sizeOfMatrix];
                         ^
..\matrix_Multi.cpp:26:39: error: array bound is not an integer constant before ']' token
 int matrix2[sizeOfMatrix][sizeOfMatrix];
                                       ^
..\matrix_Multi.cpp:27:25: error: array bound is not an integer constant before ']' token
 int result [sizeOfMatrix][sizeOfMatrix];
                         ^
..\matrix_Multi.cpp:27:39: error: array bound is not an integer constant before ']' token
 int result [sizeOfMatrix][sizeOfMatrix];
                                       ^
..\matrix_Multi.cpp: In function 'void initialize()':
..\matrix_Multi.cpp:39:4: error: 'matrix1' was not declared in this scope
    matrix1[i][j] = rand() % 100;
    ^~~~~~~
..\matrix_Multi.cpp:40:4: error: 'matrix2' was not declared in this scope
    matrix2[i][j] = rand() % 100;
    ^~~~~~~
..\matrix_Multi.cpp: In function 'void multiplyMatrix()':
..\matrix_Multi.cpp:56:8: error: 'result' was not declared in this scope
      { result[i][j] += matrix1[i][k] * matrix2[k][j];
        ^~~~~~
..\matrix_Multi.cpp:56:24: error: 'matrix1' was not declared in this scope
      { result[i][j] += matrix1[i][k] * matrix2[k][j];
                        ^~~~~~~
..\matrix_Multi.cpp:56:40: error: 'matrix2' was not declared in this scope
      { result[i][j] += matrix1[i][k] * matrix2[k][j];
                                        ^~~~~~~
..\matrix_Multi.cpp: At global scope:
..\matrix_Multi.cpp:66:52: error: array bound is not an integer constant before ']' token
 void displayMatrix(int matrixToDisplay[sizeOfMatrix][sizeOfMatrix])
                                                    ^
..\matrix_Multi.cpp:66:66: error: array bound is not an integer constant before ']' token
 void displayMatrix(int matrixToDisplay[sizeOfMatrix][sizeOfMatrix])
                                                                  ^
..\matrix_Multi.cpp: In function 'void displayMatrix(...)':
..\matrix_Multi.cpp:72:19: error: 'matrixToDisplay' was not declared in this scope
      std::cout << matrixToDisplay[i][j] << " ";
                   ^~~~~~~~~~~~~~~
..\matrix_Multi.cpp: In function 'void multiplyParallel(char)':
..\matrix_Multi.cpp:105:9: error: 'result' was not declared in this scope
         result[i][j] += matrix1[i][k] * matrix2[k][j];
         ^~~~~~
..\matrix_Multi.cpp:105:25: error: 'matrix1' was not declared in this scope
         result[i][j] += matrix1[i][k] * matrix2[k][j];
                         ^~~~~~~
..\matrix_Multi.cpp:105:41: error: 'matrix2' was not declared in this scope
         result[i][j] += matrix1[i][k] * matrix2[k][j];
                                         ^~~~~~~
17:46:17 **** Incremental Build of configuration Debug for project Lab_1 ****
Info: Internal Builder is used for build
g++ -O0 -g3 -Wall -pthread -fopenmp -c -fmessage-length=0 -o matrix_Multi.o "..\\matrix_Multi.cpp" 
..\matrix_Multi.cpp: In function 'int main(int, _TCHAR**)':
..\matrix_Multi.cpp:126:25: error: assignment of read-only variable 'sizeOfMatrix'
   sizeOfMatrix = pow(2,x);
                         ^
17:51:14 **** Incremental Build of configuration Debug for project Lab_1 ****
Info: Internal Builder is used for build
g++ -O0 -g3 -Wall -pthread -fopenmp -c -fmessage-length=0 -o matrix_Multi.o "..\\matrix_Multi.cpp" 
g++ -o Lab_1.exe matrix_Multi.o -lgomp 
17:56:13 **** Incremental Build of configuration Debug for project Lab_1 ****
Info: Internal Builder is used for build
g++ -O0 -g3 -Wall -pthread -fopenmp -c -fmessage-length=0 -o matrix_Multi.o "..\\matrix_Multi.cpp" 
..\matrix_Multi.cpp: In function 'int main(int, _TCHAR**)':
..\matrix_Multi.cpp:207:32: error: 'SizeMatrix' was not declared in this scope
      multiplyParallelSize( m , SizeMatrix);
                                ^~~~~~~~~~
17:56:38 **** Incremental Build of configuration Debug for project Lab_1 ****
Info: Internal Builder is used for build
g++ -O0 -g3 -Wall -pthread -fopenmp -c -fmessage-length=0 -o matrix_Multi.o "..\\matrix_Multi.cpp" 
g++ -o Lab_1.exe matrix_Multi.o -lgomp 
18:02:20 **** Incremental Build of configuration Debug for project Lab_1 ****
Info: Internal Builder is used for build
g++ -O0 -g3 -Wall -pthread -fopenmp -c -fmessage-length=0 -o matrix_Multi.o "..\\matrix_Multi.cpp" 
g++ -o Lab_1.exe matrix_Multi.o -lgomp 
18:05:13 **** Incremental Build of configuration Debug for project Lab_1 ****
Info: Internal Builder is used for build
g++ -O0 -g3 -Wall -pthread -fopenmp -c -fmessage-length=0 -o matrix_Multi.o "..\\matrix_Multi.cpp" 
..\matrix_Multi.cpp:21:11: error: redefinition of 'const int sizeOfMatrix'
 const int sizeOfMatrix = 2;
           ^~~~~~~~~~~~
..\matrix_Multi.cpp:20:11: note: 'const int sizeOfMatrix' previously defined here
 const int sizeOfMatrix = 2048;
           ^~~~~~~~~~~~
18:05:34 **** Incremental Build of configuration Debug for project Lab_1 ****
Info: Internal Builder is used for build
g++ -O0 -g3 -Wall -pthread -fopenmp -c -fmessage-length=0 -o matrix_Multi.o "..\\matrix_Multi.cpp" 
g++ -o Lab_1.exe matrix_Multi.o -lgomp 
18:20:33 **** Incremental Build of configuration Debug for project Lab_1 ****
Info: Internal Builder is used for build
g++ -O0 -g3 -Wall -pthread -fopenmp -c -fmessage-length=0 -o matrix_Multi.o "..\\matrix_Multi.cpp" 
g++ -o Lab_1.exe matrix_Multi.o -lgomp 
18:57:51 **** Incremental Build of configuration Debug for project Lab_1 ****
Info: Internal Builder is used for build
g++ -O0 -g3 -Wall -pthread -fopenmp -c -fmessage-length=0 -o matrix_Multi.o "..\\matrix_Multi.cpp" 
..\matrix_Multi.cpp: In function 'int main(int, _TCHAR**)':
..\matrix_Multi.cpp:48:30: error: 'initializeMatrix' was not declared in this scope
   initializeMatrix(sizeMatrix);
                              ^
..\matrix_Multi.cpp:56:33: error: 'multiplyMatrixSize' was not declared in this scope
    multiplyMatrixSize(sizeMatrix);
                                 ^
..\matrix_Multi.cpp:73:42: error: 'multiplyParallelSize' was not declared in this scope
      multiplyParallelSize( m , sizeMatrix);
                                          ^
18:58:24 **** Incremental Build of configuration Debug for project Lab_1 ****
Info: Internal Builder is used for build
g++ -O0 -g3 -Wall -pthread -fopenmp -c -fmessage-length=0 -o matrix_Multi.o "..\\matrix_Multi.cpp" 
g++ -o Lab_1.exe matrix_Multi.o -lgomp 
19:51:59 **** Incremental Build of configuration Debug for project Lab_1 ****
Info: Internal Builder is used for build
g++ -O0 -g3 -Wall -pthread -fopenmp -c -fmessage-length=0 -o matrix_Multi.o "..\\matrix_Multi.cpp" 
..\matrix_Multi.cpp: In function 'int main(int, _TCHAR**)':
..\matrix_Multi.cpp:178:29: error: 'CLOCK_MONOTONIC' was not declared in this scope
  resultTime = clock_gettime(CLOCK_MONOTONIC, &tp);
                             ^~~~~~~~~~~~~~~
..\matrix_Multi.cpp:178:49: error: 'clock_gettime' was not declared in this scope
  resultTime = clock_gettime(CLOCK_MONOTONIC, &tp);
                                                 ^
..\matrix_Multi.cpp:179:33: warning: format '%i' expects argument of type 'int', but argument 2 has type 'double' [-Wformat=]
  printf("Time is: %i",resultTime);
                                 ^
19:52:28 **** Incremental Build of configuration Debug for project Lab_1 ****
Info: Internal Builder is used for build
g++ -O0 -g3 -Wall -pthread -fopenmp -c -fmessage-length=0 -o matrix_Multi.o "..\\matrix_Multi.cpp" 
..\matrix_Multi.cpp: In function 'int main(int, _TCHAR**)':
..\matrix_Multi.cpp:178:29: error: 'CLOCK_MONOTONIC' was not declared in this scope
  resultTime = clock_gettime(CLOCK_MONOTONIC, &tp);
                             ^~~~~~~~~~~~~~~
..\matrix_Multi.cpp:178:49: error: 'clock_gettime' was not declared in this scope
  resultTime = clock_gettime(CLOCK_MONOTONIC, &tp);
                                                 ^
19:53:45 **** Incremental Build of configuration Debug for project Lab_1 ****
Info: Internal Builder is used for build
g++ -O0 -g3 -Wall -pthread -fopenmp -c -fmessage-length=0 -o matrix_Multi.o "..\\matrix_Multi.cpp" 
..\matrix_Multi.cpp: In function 'int main(int, _TCHAR**)':
..\matrix_Multi.cpp:177:29: error: 'CLOCK_MONOTONIC' was not declared in this scope
  resultTime = clock_gettime(CLOCK_MONOTONIC, &tp);
                             ^~~~~~~~~~~~~~~
..\matrix_Multi.cpp:177:49: error: 'clock_gettime' was not declared in this scope
  resultTime = clock_gettime(CLOCK_MONOTONIC, &tp);
                                                 ^
19:54:06 **** Incremental Build of configuration Debug for project Lab_1 ****
Info: Internal Builder is used for build
g++ -O0 -g3 -Wall -pthread -fopenmp -c -fmessage-length=0 -o matrix_Multi.o "..\\matrix_Multi.cpp" 
..\matrix_Multi.cpp:9:16: fatal error: time: No such file or directory
 #include "time"
                ^
compilation terminated.
19:54:23 **** Incremental Build of configuration Debug for project Lab_1 ****
Info: Internal Builder is used for build
g++ -O0 -g3 -Wall -pthread -fopenmp -c -fmessage-length=0 -o matrix_Multi.o "..\\matrix_Multi.cpp" 
..\matrix_Multi.cpp: In function 'int main(int, _TCHAR**)':
..\matrix_Multi.cpp:178:29: error: 'CLOCK_MONOTONIC' was not declared in this scope
  resultTime = clock_gettime(CLOCK_MONOTONIC, &tp);
                             ^~~~~~~~~~~~~~~
..\matrix_Multi.cpp:178:49: error: 'clock_gettime' was not declared in this scope
  resultTime = clock_gettime(CLOCK_MONOTONIC, &tp);
                                                 ^
19:58:39 **** Incremental Build of configuration Debug for project Lab_1 ****
Info: Internal Builder is used for build
g++ -O0 -g3 -Wall -pthread -fopenmp -c -fmessage-length=0 -o matrix_Multi.o "..\\matrix_Multi.cpp" 
..\matrix_Multi.cpp:18:0: warning: "_POSIX_C_SOURCE" redefined
 #define _POSIX_C_SOURCE 199309L
 
In file included from c:\mingw\include\wchar.h:53:0,
                 from c:\mingw\lib\gcc\mingw32\6.3.0\include\c++\cwchar:44,
                 from c:\mingw\lib\gcc\mingw32\6.3.0\include\c++\bits\postypes.h:40,
                 from c:\mingw\lib\gcc\mingw32\6.3.0\include\c++\iosfwd:40,
                 from c:\mingw\lib\gcc\mingw32\6.3.0\include\c++\ios:38,
                 from c:\mingw\lib\gcc\mingw32\6.3.0\include\c++\ostream:38,
                 from c:\mingw\lib\gcc\mingw32\6.3.0\include\c++\iostream:39,
                 from ..\matrix_Multi.cpp:8:
c:\mingw\include\_mingw.h:462:0: note: this is the location of the previous definition
 #  define _POSIX_C_SOURCE  200809L
 
..\matrix_Multi.cpp: In function 'int main(int, _TCHAR**)':
..\matrix_Multi.cpp:181:29: error: 'CLOCK_MONOTONIC' was not declared in this scope
  resultTime = clock_gettime(CLOCK_MONOTONIC, &tp);
                             ^~~~~~~~~~~~~~~
..\matrix_Multi.cpp:181:49: error: 'clock_gettime' was not declared in this scope
  resultTime = clock_gettime(CLOCK_MONOTONIC, &tp);
                                                 ^
19:59:17 **** Incremental Build of configuration Debug for project Lab_1 ****
Info: Internal Builder is used for build
g++ -O0 -g3 -Wall -pthread -fopenmp -c -fmessage-length=0 -o matrix_Multi.o "..\\matrix_Multi.cpp" 
..\matrix_Multi.cpp: In function 'int main(int, _TCHAR**)':
..\matrix_Multi.cpp:180:29: error: 'CLOCK_MONOTONIC' was not declared in this scope
  resultTime = clock_gettime(CLOCK_MONOTONIC, &tp);
                             ^~~~~~~~~~~~~~~
..\matrix_Multi.cpp:180:49: error: 'clock_gettime' was not declared in this scope
  resultTime = clock_gettime(CLOCK_MONOTONIC, &tp);
                                                 ^
20:00:11 **** Incremental Build of configuration Debug for project Lab_1 ****
Info: Internal Builder is used for build
g++ -O0 -g3 -Wall -pthread -fopenmp -c -fmessage-length=0 -o matrix_Multi.o "..\\matrix_Multi.cpp" 
..\matrix_Multi.cpp: In function 'int main(int, _TCHAR**)':
..\matrix_Multi.cpp:180:30: error: 'CLOCK_PROCESS_CPUTIME_ID' was not declared in this scope
  resultTime = clock_gettime( CLOCK_PROCESS_CPUTIME_ID, &tp);
                              ^~~~~~~~~~~~~~~~~~~~~~~~
..\matrix_Multi.cpp:180:59: error: 'clock_gettime' was not declared in this scope
  resultTime = clock_gettime( CLOCK_PROCESS_CPUTIME_ID, &tp);
                                                           ^
20:05:36 **** Incremental Build of configuration Debug for project Lab_1 ****
Info: Internal Builder is used for build
g++ -O0 -g3 -Wall -pthread -fopenmp -c -fmessage-length=0 -o matrix_Multi.o "..\\matrix_Multi.cpp" 
..\matrix_Multi.cpp: In function 'int main(int, _TCHAR**)':
..\matrix_Multi.cpp:179:30: error: 'CLOCK_PROCESS_CPUTIME_ID' was not declared in this scope
  resultTime = clock_gettime( CLOCK_PROCESS_CPUTIME_ID, &tp);
                              ^~~~~~~~~~~~~~~~~~~~~~~~
..\matrix_Multi.cpp:179:59: error: 'clock_gettime' was not declared in this scope
  resultTime = clock_gettime( CLOCK_PROCESS_CPUTIME_ID, &tp);
                                                           ^
20:07:10 **** Incremental Build of configuration Debug for project Lab_1 ****
Info: Internal Builder is used for build
g++ -O0 -g3 -Wall -pthread -fopenmp -c -fmessage-length=0 -o matrix_Multi.o "..\\matrix_Multi.cpp" 
..\matrix_Multi.cpp: In function 'int main(int, _TCHAR**)':
..\matrix_Multi.cpp:179:36: error: 'clock_gettime' was not declared in this scope
  resultTime = clock_gettime( 1, &tp);
                                    ^
20:12:16 **** Incremental Build of configuration Debug for project Lab_1 ****
Info: Internal Builder is used for build
g++ -O0 -g3 -Wall -pthread -fopenmp -c -fmessage-length=0 -o matrix_Multi.o "..\\matrix_Multi.cpp" 
..\matrix_Multi.cpp: In function 'int main(int, _TCHAR**)':
..\matrix_Multi.cpp:179:36: error: 'clock_gettime' was not declared in this scope
  resultTime = clock_gettime( 1, &tp);
                                    ^
20:12:39 **** Incremental Build of configuration Debug for project Lab_1 ****
Info: Internal Builder is used for build
g++ -O0 -g3 -Wall -pthread -fopenmp -c -fmessage-length=0 -o matrix_Multi.o "..\\matrix_Multi.cpp" 
..\matrix_Multi.cpp: In function 'int main(int, _TCHAR**)':
..\matrix_Multi.cpp:179:29: error: 'CLOCK_REALTIME' was not declared in this scope
  resultTime = clock_gettime(CLOCK_REALTIME , &tp);
                             ^~~~~~~~~~~~~~
..\matrix_Multi.cpp:179:49: error: 'clock_gettime' was not declared in this scope
  resultTime = clock_gettime(CLOCK_REALTIME , &tp);
                                                 ^
20:13:21 **** Incremental Build of configuration Debug for project Lab_1 ****
Info: Internal Builder is used for build
g++ -O0 -g3 -Wall -pthread -fopenmp -c -fmessage-length=0 -o matrix_Multi.o "..\\matrix_Multi.cpp" 
..\matrix_Multi.cpp: In function 'int main(int, _TCHAR**)':
..\matrix_Multi.cpp:181:29: error: 'CLOCK_REALTIME' was not declared in this scope
  resultTime = clock_gettime(CLOCK_REALTIME , &tp);
                             ^~~~~~~~~~~~~~
..\matrix_Multi.cpp:181:49: error: 'clock_gettime' was not declared in this scope
  resultTime = clock_gettime(CLOCK_REALTIME , &tp);
                                                 ^
20:19:00 **** Incremental Build of configuration Debug for project Lab_1 ****
Info: Internal Builder is used for build
g++ -O0 -g3 -Wall -pthread -fopenmp -lrt -c -fmessage-length=0 -o matrix_Multi.o "..\\matrix_Multi.cpp" 
..\matrix_Multi.cpp: In function 'int main(int, _TCHAR**)':
..\matrix_Multi.cpp:182:29: error: 'CLOCK_REALTIME' was not declared in this scope
  resultTime = clock_gettime(CLOCK_REALTIME , &tp);
                             ^~~~~~~~~~~~~~
..\matrix_Multi.cpp:182:49: error: 'clock_gettime' was not declared in this scope
  resultTime = clock_gettime(CLOCK_REALTIME , &tp);
                                                 ^
20:21:25 **** Incremental Build of configuration Debug for project Lab_1 ****
Info: Internal Builder is used for build
g++ -O0 -g3 -Wall -pthread -fopenmp -lrt -c -fmessage-length=0 -o matrix_Multi.o "..\\matrix_Multi.cpp" 
..\matrix_Multi.cpp: In function 'int main(int, _TCHAR**)':
..\matrix_Multi.cpp:182:29: error: 'CLOCK_REALTIME' was not declared in this scope
  resultTime = clock_gettime(CLOCK_REALTIME , &tp);
                             ^~~~~~~~~~~~~~
..\matrix_Multi.cpp:182:49: error: 'clock_gettime' was not declared in this scope
  resultTime = clock_gettime(CLOCK_REALTIME , &tp);
                                                 ^
20:22:05 **** Incremental Build of configuration Debug for project Lab_1 ****
Info: Internal Builder is used for build
g++ -O0 -g3 -Wall -pthread -fopenmp -lrt -c -fmessage-length=0 -o matrix_Multi.o "..\\matrix_Multi.cpp" 
..\matrix_Multi.cpp: In function 'int main(int, _TCHAR**)':
..\matrix_Multi.cpp:182:36: error: 'clock_gettime' was not declared in this scope
  resultTime = clock_gettime(0 , &tp);
                                    ^
20:23:33 **** Incremental Build of configuration Debug for project Lab_1 ****
Info: Internal Builder is used for build
g++ -O0 -g3 -Wall -pthread -fopenmp -lrt -c -fmessage-length=0 -o matrix_Multi.o "..\\matrix_Multi.cpp" 
..\matrix_Multi.cpp: In function 'int main(int, _TCHAR**)':
..\matrix_Multi.cpp:183:36: error: 'clock_gettime' was not declared in this scope
  resultTime = clock_gettime(0, &tpp);
                                    ^
20:23:44 **** Incremental Build of configuration Debug for project Lab_1 ****
Info: Internal Builder is used for build
g++ -O0 -g3 -Wall -pthread -fopenmp -lrt -c -fmessage-length=0 -o matrix_Multi.o "..\\matrix_Multi.cpp" 
..\matrix_Multi.cpp: In function 'int main(int, _TCHAR**)':
..\matrix_Multi.cpp:183:37: error: 'clock__gettime' was not declared in this scope
  resultTime = clock__gettime(0, &tpp);
                                     ^
20:23:54 **** Incremental Build of configuration Debug for project Lab_1 ****
Info: Internal Builder is used for build
g++ -O0 -g3 -Wall -pthread -fopenmp -lrt -c -fmessage-length=0 -o matrix_Multi.o "..\\matrix_Multi.cpp" 
..\matrix_Multi.cpp: In function 'int main(int, _TCHAR**)':
..\matrix_Multi.cpp:183:36: error: 'clock_gettime' was not declared in this scope
  resultTime = clock_gettime(0, &tpp);
                                    ^
20:30:15 **** Incremental Build of configuration Debug for project Lab_1 ****
Info: Internal Builder is used for build
g++ -O0 -g3 -Wall -pthread -fopenmp -lrt -c -fmessage-length=0 -o matrix_Multi.o "..\\matrix_Multi.cpp" 
..\matrix_Multi.cpp: In function 'int main(int, _TCHAR**)':
..\matrix_Multi.cpp:174:6: warning: unused variable 'resultTime' [-Wunused-variable]
  int resultTime=0;
      ^~~~~~~~~~
g++ -o Lab_1.exe matrix_Multi.o -lgomp -lrt 
c:/mingw/bin/../lib/gcc/mingw32/6.3.0/../../../../mingw32/bin/ld.exe: cannot find -lrt
collect2.exe: error: ld returned 1 exit status
20:31:17 **** Incremental Build of configuration Debug for project Lab_1 ****
Info: Internal Builder is used for build
g++ -O0 -g3 -Wall -pthread -fopenmp -c -fmessage-length=0 -o matrix_Multi.o "..\\matrix_Multi.cpp" 
..\matrix_Multi.cpp: In function 'int main(int, _TCHAR**)':
..\matrix_Multi.cpp:174:6: warning: unused variable 'resultTime' [-Wunused-variable]
  int resultTime=0;
      ^~~~~~~~~~
g++ -o Lab_1.exe matrix_Multi.o -lgomp 
20:38:30 **** Incremental Build of configuration Debug for project Lab_1 ****
Info: Internal Builder is used for build
g++ -O0 -g3 -Wall -pthread -fopenmp -c -fmessage-length=0 -o matrix_Multi.o "..\\matrix_Multi.cpp" 
..\matrix_Multi.cpp: In function 'int main(int, _TCHAR**)':
..\matrix_Multi.cpp:174:9: warning: unused variable 'timeTaken' [-Wunused-variable]
  double timeTaken;
         ^~~~~~~~~
..\matrix_Multi.cpp:175:9: warning: unused variable 'startTime' [-Wunused-variable]
  time_t startTime, endTime;
         ^~~~~~~~~
..\matrix_Multi.cpp:175:20: warning: unused variable 'endTime' [-Wunused-variable]
  time_t startTime, endTime;
                    ^~~~~~~
g++ -o Lab_1.exe matrix_Multi.o -lgomp 
20:50:46 **** Incremental Build of configuration Debug for project Lab_1 ****
Info: Internal Builder is used for build
g++ -O0 -g3 -Wall -pthread -fopenmp -c -fmessage-length=0 -o matrix_Multi.o "..\\matrix_Multi.cpp" 
..\matrix_Multi.cpp: In function 'int main(int, _TCHAR**)':
..\matrix_Multi.cpp:221:2: error: expected primary-expression before '/' token
 */
  ^
..\matrix_Multi.cpp:222:2: error: expected primary-expression before '}' token
  }
  ^
20:51:22 **** Incremental Build of configuration Debug for project Lab_1 ****
Info: Internal Builder is used for build
g++ -O0 -g3 -Wall -pthread -fopenmp -c -fmessage-length=0 -o matrix_Multi.o "..\\matrix_Multi.cpp" 
g++ -o Lab_1.exe matrix_Multi.o -lgomp 
